Using pre-set license
Built from '2021.3/staging' branch; Version is '2021.3.3f1 (af2e63e8f9bd) revision 11480675'; Using compiler version '192829333'; Build Type 'Release'
OS: 'Windows 10  (10.0.19043) 64bit Core' Language: 'ja' Physical Memory: 32626 MB
BatchMode: 1, IsHumanControllingUs: 0, StartBugReporterOnCrash: 0, Is64bit: 1, IsPro: 1

COMMAND LINE ARGUMENTS:
C:\Program Files\Unity\Hub\Editor\2021.3.3f1\Editor\Unity.exe
-adb2
-batchMode
-noUpm
-name
AssetImportWorker0
-projectPath
D:/MyHobby/Unity2021AndSVNandGitHub/Unity2021AndSVNandGitHub/trunk/Unity2021andSVNandGitHub
-logFile
Logs/AssetImportWorker0.log
-srvPort
52019
Successfully changed project path to: D:/MyHobby/Unity2021AndSVNandGitHub/Unity2021AndSVNandGitHub/trunk/Unity2021andSVNandGitHub
D:/MyHobby/Unity2021AndSVNandGitHub/Unity2021AndSVNandGitHub/trunk/Unity2021andSVNandGitHub
[UnityMemory] Configuration Parameters - Can be set up in boot.config
    "memorysetup-bucket-allocator-granularity=16"
    "memorysetup-bucket-allocator-bucket-count=8"
    "memorysetup-bucket-allocator-block-size=33554432"
    "memorysetup-bucket-allocator-block-count=8"
    "memorysetup-main-allocator-block-size=16777216"
    "memorysetup-thread-allocator-block-size=16777216"
    "memorysetup-gfx-main-allocator-block-size=16777216"
    "memorysetup-gfx-thread-allocator-block-size=16777216"
    "memorysetup-cache-allocator-block-size=4194304"
    "memorysetup-typetree-allocator-block-size=2097152"
    "memorysetup-profiler-bucket-allocator-granularity=16"
    "memorysetup-profiler-bucket-allocator-bucket-count=8"
    "memorysetup-profiler-bucket-allocator-block-size=33554432"
    "memorysetup-profiler-bucket-allocator-block-count=8"
    "memorysetup-profiler-allocator-block-size=16777216"
    "memorysetup-profiler-editor-allocator-block-size=1048576"
    "memorysetup-temp-allocator-size-main=16777216"
    "memorysetup-job-temp-allocator-block-size=2097152"
    "memorysetup-job-temp-allocator-block-size-background=1048576"
    "memorysetup-job-temp-allocator-reduction-small-platforms=262144"
    "memorysetup-temp-allocator-size-background-worker=32768"
    "memorysetup-temp-allocator-size-job-worker=262144"
    "memorysetup-temp-allocator-size-preload-manager=33554432"
    "memorysetup-temp-allocator-size-nav-mesh-worker=65536"
    "memorysetup-temp-allocator-size-audio-worker=65536"
    "memorysetup-temp-allocator-size-cloud-worker=32768"
    "memorysetup-temp-allocator-size-gi-baking-worker=262144"
    "memorysetup-temp-allocator-size-gfx=262144"
Refreshing native plugins compatible for Editor in 104.66 ms, found 4 plugins.
Preloading 0 native plugins for Editor in 0.00 ms.
Initialize engine version: 2021.3.3f1 (af2e63e8f9bd)
[Subsystems] Discovering subsystems at path C:/Program Files/Unity/Hub/Editor/2021.3.3f1/Editor/Data/Resources/UnitySubsystems
[Subsystems] Discovering subsystems at path D:/MyHobby/Unity2021AndSVNandGitHub/Unity2021AndSVNandGitHub/trunk/Unity2021andSVNandGitHub/Assets
GfxDevice: creating device client; threaded=0; jobified=0
Direct3D:
    Version:  Direct3D 11.0 [level 11.1]
    Renderer: NVIDIA GeForce GTX 1050 Ti (ID=0x1c8c)
    Vendor:   NVIDIA
    VRAM:     4018 MB
    Driver:   30.0.15.1215
Initialize mono
Mono path[0] = 'C:/Program Files/Unity/Hub/Editor/2021.3.3f1/Editor/Data/Managed'
Mono path[1] = 'C:/Program Files/Unity/Hub/Editor/2021.3.3f1/Editor/Data/MonoBleedingEdge/lib/mono/unityjit-win32'
Mono config path = 'C:/Program Files/Unity/Hub/Editor/2021.3.3f1/Editor/Data/MonoBleedingEdge/etc'
Using monoOptions --debugger-agent=transport=dt_socket,embedding=1,server=y,suspend=n,address=127.0.0.1:56016
Begin MonoManager ReloadAssembly
Registering precompiled unity dll's ...
Register platform support module: C:/Program Files/Unity/Hub/Editor/2021.3.3f1/Editor/Data/PlaybackEngines/WebGLSupport/UnityEditor.WebGL.Extensions.dll
Register platform support module: C:/Program Files/Unity/Hub/Editor/2021.3.3f1/Editor/Data/PlaybackEngines/WindowsStandaloneSupport/UnityEditor.WindowsStandalone.Extensions.dll
Registered in 0.011127 seconds.
Native extension for WindowsStandalone target not found
Native extension for WebGL target not found
Refreshing native plugins compatible for Editor in 104.28 ms, found 4 plugins.
Preloading 0 native plugins for Editor in 0.00 ms.
Mono: successfully reloaded assembly
- Completed reload, in  0.697 seconds
Domain Reload Profiling:
	ReloadAssembly (698ms)
		BeginReloadAssembly (81ms)
			ExecutionOrderSort (0ms)
			DisableScriptedObjects (0ms)
			BackupInstance (0ms)
			ReleaseScriptingObjects (0ms)
			CreateAndSetChildDomain (1ms)
		EndReloadAssembly (492ms)
			LoadAssemblies (78ms)
			RebuildTransferFunctionScriptingTraits (0ms)
			SetupTypeCache (112ms)
			ReleaseScriptCaches (0ms)
			RebuildScriptCaches (32ms)
			SetupLoadedEditorAssemblies (291ms)
				LogAssemblyErrors (0ms)
				InitializePlatformSupportModulesInManaged (10ms)
				SetLoadedEditorAssemblies (0ms)
				RefreshPlugins (104ms)
				BeforeProcessingInitializeOnLoad (1ms)
				ProcessInitializeOnLoadAttributes (127ms)
				ProcessInitializeOnLoadMethodAttributes (48ms)
				AfterProcessingInitializeOnLoad (0ms)
				EditorAssembliesLoaded (0ms)
			ExecutionOrderSort2 (0ms)
			AwakeInstancesAfterBackupRestoration (0ms)
Platform modules already initialized, skipping
Registering precompiled user dll's ...
Registered in 0.015472 seconds.
Begin MonoManager ReloadAssembly
Symbol file LoadedFromMemory doesn't match image D:\MyHobby\Unity2021AndSVNandGitHub\Unity2021AndSVNandGitHub\trunk\Unity2021andSVNandGitHub\Library\PackageCache\com.unity.visualscripting@1.7.6\Editor\VisualScripting.Core\Dependencies\YamlDotNet\Unity.VisualScripting.YamlDotNet.dll
Symbol file LoadedFromMemory doesn't match image D:\MyHobby\Unity2021AndSVNandGitHub\Unity2021AndSVNandGitHub\trunk\Unity2021andSVNandGitHub\Library\PackageCache\com.unity.visualscripting@1.7.6\Editor\VisualScripting.Core\Dependencies\DotNetZip\Unity.VisualScripting.IonicZip.dll
Native extension for WindowsStandalone target not found
Native extension for WebGL target not found
Refreshing native plugins compatible for Editor in 98.82 ms, found 4 plugins.
Preloading 0 native plugins for Editor in 0.00 ms.
Mono: successfully reloaded assembly
- Completed reload, in  1.312 seconds
Domain Reload Profiling:
	ReloadAssembly (1313ms)
		BeginReloadAssembly (116ms)
			ExecutionOrderSort (0ms)
			DisableScriptedObjects (6ms)
			BackupInstance (0ms)
			ReleaseScriptingObjects (0ms)
			CreateAndSetChildDomain (19ms)
		EndReloadAssembly (1059ms)
			LoadAssemblies (105ms)
			RebuildTransferFunctionScriptingTraits (0ms)
			SetupTypeCache (263ms)
			ReleaseScriptCaches (1ms)
			RebuildScriptCaches (60ms)
			SetupLoadedEditorAssemblies (564ms)
				LogAssemblyErrors (0ms)
				InitializePlatformSupportModulesInManaged (7ms)
				SetLoadedEditorAssemblies (0ms)
				RefreshPlugins (99ms)
				BeforeProcessingInitializeOnLoad (135ms)
				ProcessInitializeOnLoadAttributes (262ms)
				ProcessInitializeOnLoadMethodAttributes (50ms)
				AfterProcessingInitializeOnLoad (11ms)
				EditorAssembliesLoaded (0ms)
			ExecutionOrderSort2 (0ms)
			AwakeInstancesAfterBackupRestoration (7ms)
Platform modules already initialized, skipping
========================================================================
Worker process is ready to serve import requests
Launched and connected shader compiler UnityShaderCompiler.exe after 0.10 seconds
Refreshing native plugins compatible for Editor in 0.72 ms, found 4 plugins.
Preloading 0 native plugins for Editor in 0.00 ms.
Unloading 4048 Unused Serialized files (Serialized files now loaded: 0)
Unloading 43 unused Assets / (225.6 KB). Loaded Objects now: 4498.
Memory consumption went from 152.1 MB to 151.9 MB.
Total: 3.701700 ms (FindLiveObjects: 0.314700 ms CreateObjectMapping: 0.230700 ms MarkObjects: 3.001100 ms  DeleteObjects: 0.154200 ms)

AssetImportParameters requested are different than current active one (requested -> active):
  custom:video-decoder-ogg-theora: a1e56fd34408186e4bbccfd4996cb3dc -> 
  custom:container-muxer-webm: aa71ff27fc2769a1b78a27578f13a17b -> 
  custom:container-demuxer-webm: 4f35f7cbe854078d1ac9338744f61a02 -> 
  custom:video-encoder-webm-vp8: eb34c28f22e8b96e1ab97ce403110664 -> 
  custom:video-codec-MediaFoundation-h265: 746d11721c4dcdbdad8f713fa42b33f4 -> 
  custom:audio-encoder-webm-vorbis: bf7c407c2cedff20999df2af8eb42d56 -> 
  custom:framework-win-MediaFoundation: 216162199b28c13a410421893ffa2e32 -> 
  custom:container-demuxer-ogg: 62fdf1f143b41e24485cea50d1cbac27 -> 
  custom:video-decoder-webm-vp8: 9c59270c3fd7afecdb556c50c9e8de78 -> 
  custom:audio-decoder-ogg-vorbis: bf7c407c2cedff20999df2af8eb42d56 -> 
========================================================================
Received Import Request.
  Time since last request: 3614.411231 seconds.
  path: Assets/Prefabs
  artifactKey: Guid(2e88632a4aa3f21448d67bd9a67ae8e7) Importer(815301076,1909f56bfc062723c751e8b465ee728b)
Start importing Assets/Prefabs using Guid(2e88632a4aa3f21448d67bd9a67ae8e7) Importer(815301076,1909f56bfc062723c751e8b465ee728b)  -> (artifact id: 'cbec0c4136ff51c2cc8c2f40960d2c04') in 0.014993 seconds 
========================================================================
Received Import Request.
  Time since last request: 3.949681 seconds.
  path: Assets/Prefabs/Square.prefab
  artifactKey: Guid(8feb766d5fc69dc4cacbd217bcffdc9b) Importer(815301076,1909f56bfc062723c751e8b465ee728b)
Start importing Assets/Prefabs/Square.prefab using Guid(8feb766d5fc69dc4cacbd217bcffdc9b) Importer(815301076,1909f56bfc062723c751e8b465ee728b)  -> (artifact id: '6cc409f1e95ac9035aa1730098a621c7') in 0.112413 seconds 
========================================================================
Received Import Request.
  Time since last request: 9.639568 seconds.
  path: Assets/Prefabs/Human.prefab
  artifactKey: Guid(8feb766d5fc69dc4cacbd217bcffdc9b) Importer(815301076,1909f56bfc062723c751e8b465ee728b)
Start importing Assets/Prefabs/Human.prefab using Guid(8feb766d5fc69dc4cacbd217bcffdc9b) Importer(815301076,1909f56bfc062723c751e8b465ee728b)  -> (artifact id: '742788500addb633ff4d9824afbd1a11') in 0.020813 seconds 
========================================================================
Received Import Request.
  Time since last request: 19.842572 seconds.
  path: Assets/Prefabs/Human.prefab
  artifactKey: Guid(8feb766d5fc69dc4cacbd217bcffdc9b) Importer(815301076,1909f56bfc062723c751e8b465ee728b)
Start importing Assets/Prefabs/Human.prefab using Guid(8feb766d5fc69dc4cacbd217bcffdc9b) Importer(815301076,1909f56bfc062723c751e8b465ee728b)  -> (artifact id: '81530655568c5bcc0e47ad8119037737') in 0.012999 seconds 
========================================================================
Received Import Request.
  Time since last request: 25.078265 seconds.
  path: Assets/Prefabs/Human.prefab
  artifactKey: Guid(8feb766d5fc69dc4cacbd217bcffdc9b) Importer(815301076,1909f56bfc062723c751e8b465ee728b)
Start importing Assets/Prefabs/Human.prefab using Guid(8feb766d5fc69dc4cacbd217bcffdc9b) Importer(815301076,1909f56bfc062723c751e8b465ee728b)  -> (artifact id: '928a20c00afe70f4e92cb775d307662a') in 0.005998 seconds 
========================================================================
Received Import Request.
  Time since last request: 8.946992 seconds.
  path: Assets/Prefabs/Human.prefab
  artifactKey: Guid(8feb766d5fc69dc4cacbd217bcffdc9b) Importer(815301076,1909f56bfc062723c751e8b465ee728b)
Start importing Assets/Prefabs/Human.prefab using Guid(8feb766d5fc69dc4cacbd217bcffdc9b) Importer(815301076,1909f56bfc062723c751e8b465ee728b)  -> (artifact id: '6a0de516bb394568a0486dd393ef7f9d') in 0.140239 seconds 
========================================================================
Received Import Request.
  Time since last request: 7.182787 seconds.
  path: Assets/Prefabs/Human.prefab
  artifactKey: Guid(8feb766d5fc69dc4cacbd217bcffdc9b) Importer(815301076,1909f56bfc062723c751e8b465ee728b)
Start importing Assets/Prefabs/Human.prefab using Guid(8feb766d5fc69dc4cacbd217bcffdc9b) Importer(815301076,1909f56bfc062723c751e8b465ee728b)  -> (artifact id: '5b778636790772e9fe50803cdc3727ad') in 0.116187 seconds 
========================================================================
Received Import Request.
  Time since last request: 12.624301 seconds.
  path: Assets/Prefabs/Human.prefab
  artifactKey: Guid(8feb766d5fc69dc4cacbd217bcffdc9b) Importer(815301076,1909f56bfc062723c751e8b465ee728b)
Start importing Assets/Prefabs/Human.prefab using Guid(8feb766d5fc69dc4cacbd217bcffdc9b) Importer(815301076,1909f56bfc062723c751e8b465ee728b)  -> (artifact id: '3292342186255cc4baf08c3346de99e8') in 0.012005 seconds 
========================================================================
Received Import Request.
  Time since last request: 6.823675 seconds.
  path: Assets/Prefabs/Human.prefab
  artifactKey: Guid(8feb766d5fc69dc4cacbd217bcffdc9b) Importer(815301076,1909f56bfc062723c751e8b465ee728b)
Start importing Assets/Prefabs/Human.prefab using Guid(8feb766d5fc69dc4cacbd217bcffdc9b) Importer(815301076,1909f56bfc062723c751e8b465ee728b)  -> (artifact id: 'b114b974eae55638fd27ed2b3648dd56') in 0.013056 seconds 
========================================================================
Received Import Request.
  Time since last request: 4.630951 seconds.
  path: Assets/Prefabs/Human.prefab
  artifactKey: Guid(8feb766d5fc69dc4cacbd217bcffdc9b) Importer(815301076,1909f56bfc062723c751e8b465ee728b)
Start importing Assets/Prefabs/Human.prefab using Guid(8feb766d5fc69dc4cacbd217bcffdc9b) Importer(815301076,1909f56bfc062723c751e8b465ee728b)  -> (artifact id: '8573e32a9881aab3df651332c5dca633') in 0.014684 seconds 
========================================================================
Received Import Request.
  Time since last request: 4.078726 seconds.
  path: Assets/Prefabs/Human.prefab
  artifactKey: Guid(8feb766d5fc69dc4cacbd217bcffdc9b) Importer(815301076,1909f56bfc062723c751e8b465ee728b)
Start importing Assets/Prefabs/Human.prefab using Guid(8feb766d5fc69dc4cacbd217bcffdc9b) Importer(815301076,1909f56bfc062723c751e8b465ee728b)  -> (artifact id: 'ff084d5c3f9a3dea35aea6cc499e987e') in 0.011912 seconds 
========================================================================
Received Import Request.
  Time since last request: 4.224238 seconds.
  path: Assets/Prefabs/Human.prefab
  artifactKey: Guid(8feb766d5fc69dc4cacbd217bcffdc9b) Importer(815301076,1909f56bfc062723c751e8b465ee728b)
Start importing Assets/Prefabs/Human.prefab using Guid(8feb766d5fc69dc4cacbd217bcffdc9b) Importer(815301076,1909f56bfc062723c751e8b465ee728b)  -> (artifact id: '49ca2575339713127d8f4d2139f60208') in 0.015099 seconds 
========================================================================
Received Import Request.
  Time since last request: 11.195065 seconds.
  path: Assets/Prefabs/Human.prefab
  artifactKey: Guid(8feb766d5fc69dc4cacbd217bcffdc9b) Importer(815301076,1909f56bfc062723c751e8b465ee728b)
Start importing Assets/Prefabs/Human.prefab using Guid(8feb766d5fc69dc4cacbd217bcffdc9b) Importer(815301076,1909f56bfc062723c751e8b465ee728b)  -> (artifact id: 'b9ec78ced1160b9e44a35cea61daba05') in 0.012769 seconds 
========================================================================
Received Import Request.
  Time since last request: 4.577090 seconds.
  path: Assets/Prefabs/Human.prefab
  artifactKey: Guid(8feb766d5fc69dc4cacbd217bcffdc9b) Importer(815301076,1909f56bfc062723c751e8b465ee728b)
Start importing Assets/Prefabs/Human.prefab using Guid(8feb766d5fc69dc4cacbd217bcffdc9b) Importer(815301076,1909f56bfc062723c751e8b465ee728b)  -> (artifact id: '798161b390d8cb457c331333af5572ce') in 0.009714 seconds 
========================================================================
Received Import Request.
  Time since last request: 7.433145 seconds.
  path: Assets/Prefabs/Human.prefab
  artifactKey: Guid(8feb766d5fc69dc4cacbd217bcffdc9b) Importer(815301076,1909f56bfc062723c751e8b465ee728b)
Start importing Assets/Prefabs/Human.prefab using Guid(8feb766d5fc69dc4cacbd217bcffdc9b) Importer(815301076,1909f56bfc062723c751e8b465ee728b)  -> (artifact id: '1172088a1ff6cf173b624d6c166e6a8d') in 0.014141 seconds 
========================================================================
Received Import Request.
  Time since last request: 7.250521 seconds.
  path: Assets/Prefabs/Human.prefab
  artifactKey: Guid(8feb766d5fc69dc4cacbd217bcffdc9b) Importer(815301076,1909f56bfc062723c751e8b465ee728b)
Start importing Assets/Prefabs/Human.prefab using Guid(8feb766d5fc69dc4cacbd217bcffdc9b) Importer(815301076,1909f56bfc062723c751e8b465ee728b)  -> (artifact id: 'd957cae1d99eaf9175cbb85160f55b95') in 0.011217 seconds 
========================================================================
Received Import Request.
  Time since last request: 10.442130 seconds.
  path: Assets/Prefabs/Human.prefab
  artifactKey: Guid(8feb766d5fc69dc4cacbd217bcffdc9b) Importer(815301076,1909f56bfc062723c751e8b465ee728b)
Start importing Assets/Prefabs/Human.prefab using Guid(8feb766d5fc69dc4cacbd217bcffdc9b) Importer(815301076,1909f56bfc062723c751e8b465ee728b)  -> (artifact id: 'e2f4ca02e4417fad62369b6be45546e1') in 0.010546 seconds 
========================================================================
Received Import Request.
  Time since last request: 3.460188 seconds.
  path: Assets/Prefabs/Human.prefab
  artifactKey: Guid(8feb766d5fc69dc4cacbd217bcffdc9b) Importer(815301076,1909f56bfc062723c751e8b465ee728b)
Start importing Assets/Prefabs/Human.prefab using Guid(8feb766d5fc69dc4cacbd217bcffdc9b) Importer(815301076,1909f56bfc062723c751e8b465ee728b)  -> (artifact id: 'c4d181142c69f4030cd864a157b42e31') in 0.012397 seconds 
========================================================================
Received Import Request.
  Time since last request: 2.596018 seconds.
  path: Assets/Prefabs/Human.prefab
  artifactKey: Guid(8feb766d5fc69dc4cacbd217bcffdc9b) Importer(815301076,1909f56bfc062723c751e8b465ee728b)
Start importing Assets/Prefabs/Human.prefab using Guid(8feb766d5fc69dc4cacbd217bcffdc9b) Importer(815301076,1909f56bfc062723c751e8b465ee728b)  -> (artifact id: '5101aa55b452578ded040debfbc7b866') in 0.012133 seconds 
========================================================================
Received Import Request.
  Time since last request: 5.996975 seconds.
  path: Assets/Prefabs/Human.prefab
  artifactKey: Guid(8feb766d5fc69dc4cacbd217bcffdc9b) Importer(815301076,1909f56bfc062723c751e8b465ee728b)
Start importing Assets/Prefabs/Human.prefab using Guid(8feb766d5fc69dc4cacbd217bcffdc9b) Importer(815301076,1909f56bfc062723c751e8b465ee728b)  -> (artifact id: '21263f7361b3ea66837aeb29906b07bb') in 0.012303 seconds 
========================================================================
Received Import Request.
  Time since last request: 4.508032 seconds.
  path: Assets/Prefabs/Human.prefab
  artifactKey: Guid(8feb766d5fc69dc4cacbd217bcffdc9b) Importer(815301076,1909f56bfc062723c751e8b465ee728b)
Start importing Assets/Prefabs/Human.prefab using Guid(8feb766d5fc69dc4cacbd217bcffdc9b) Importer(815301076,1909f56bfc062723c751e8b465ee728b)  -> (artifact id: 'ce4371e436d505ff1aceb30a8e17bc0d') in 0.011660 seconds 
========================================================================
Received Import Request.
  Time since last request: 3.824339 seconds.
  path: Assets/Prefabs/Human.prefab
  artifactKey: Guid(8feb766d5fc69dc4cacbd217bcffdc9b) Importer(815301076,1909f56bfc062723c751e8b465ee728b)
Start importing Assets/Prefabs/Human.prefab using Guid(8feb766d5fc69dc4cacbd217bcffdc9b) Importer(815301076,1909f56bfc062723c751e8b465ee728b)  -> (artifact id: 'e9e115feead894f73e5e96935895fc09') in 0.012108 seconds 
========================================================================
Received Import Request.
  Time since last request: 1.595830 seconds.
  path: Assets/Prefabs/Human.prefab
  artifactKey: Guid(8feb766d5fc69dc4cacbd217bcffdc9b) Importer(815301076,1909f56bfc062723c751e8b465ee728b)
Start importing Assets/Prefabs/Human.prefab using Guid(8feb766d5fc69dc4cacbd217bcffdc9b) Importer(815301076,1909f56bfc062723c751e8b465ee728b)  -> (artifact id: 'af9e8afa4b707da7c07d32a7becadfb2') in 0.010548 seconds 
========================================================================
Received Import Request.
  Time since last request: 2.315901 seconds.
  path: Assets/Prefabs/Human.prefab
  artifactKey: Guid(8feb766d5fc69dc4cacbd217bcffdc9b) Importer(815301076,1909f56bfc062723c751e8b465ee728b)
Start importing Assets/Prefabs/Human.prefab using Guid(8feb766d5fc69dc4cacbd217bcffdc9b) Importer(815301076,1909f56bfc062723c751e8b465ee728b)  -> (artifact id: '2c76c2c41fc980ebaa2e38eb35fe8fad') in 0.012031 seconds 
========================================================================
Received Import Request.
  Time since last request: 6.927172 seconds.
  path: Assets/Prefabs/Human.prefab
  artifactKey: Guid(8feb766d5fc69dc4cacbd217bcffdc9b) Importer(815301076,1909f56bfc062723c751e8b465ee728b)
Start importing Assets/Prefabs/Human.prefab using Guid(8feb766d5fc69dc4cacbd217bcffdc9b) Importer(815301076,1909f56bfc062723c751e8b465ee728b)  -> (artifact id: '89bd369de2500fca54e3f85080e2cd02') in 0.146194 seconds 
========================================================================
Received Import Request.
  Time since last request: 4.678019 seconds.
  path: Assets/Prefabs/Human.prefab
  artifactKey: Guid(8feb766d5fc69dc4cacbd217bcffdc9b) Importer(815301076,1909f56bfc062723c751e8b465ee728b)
Start importing Assets/Prefabs/Human.prefab using Guid(8feb766d5fc69dc4cacbd217bcffdc9b) Importer(815301076,1909f56bfc062723c751e8b465ee728b)  -> (artifact id: '132e9e93a383070f142c047f17ae1b06') in 0.012144 seconds 
========================================================================
Received Import Request.
  Time since last request: 2.303532 seconds.
  path: Assets/Prefabs/Human.prefab
  artifactKey: Guid(8feb766d5fc69dc4cacbd217bcffdc9b) Importer(815301076,1909f56bfc062723c751e8b465ee728b)
Start importing Assets/Prefabs/Human.prefab using Guid(8feb766d5fc69dc4cacbd217bcffdc9b) Importer(815301076,1909f56bfc062723c751e8b465ee728b)  -> (artifact id: '6f636dbfb859aa7cb1eaa29260f33947') in 0.013611 seconds 
========================================================================
Received Import Request.
  Time since last request: 0.178372 seconds.
  path: Assets/Prefabs/Human.prefab
  artifactKey: Guid(8feb766d5fc69dc4cacbd217bcffdc9b) Importer(815301076,1909f56bfc062723c751e8b465ee728b)
Start importing Assets/Prefabs/Human.prefab using Guid(8feb766d5fc69dc4cacbd217bcffdc9b) Importer(815301076,1909f56bfc062723c751e8b465ee728b)  -> (artifact id: '2d076d56d37b78ec27e44966be972419') in 0.013535 seconds 
========================================================================
Received Import Request.
  Time since last request: 9.888673 seconds.
  path: Assets/Prefabs/Human.prefab
  artifactKey: Guid(8feb766d5fc69dc4cacbd217bcffdc9b) Importer(815301076,1909f56bfc062723c751e8b465ee728b)
Start importing Assets/Prefabs/Human.prefab using Guid(8feb766d5fc69dc4cacbd217bcffdc9b) Importer(815301076,1909f56bfc062723c751e8b465ee728b)  -> (artifact id: '10068f70c16218995477b77f8284efb4') in 0.849025 seconds 
